0 info it worked if it ends with ok
1 verbose cli [
1 verbose cli   'C:\\Program Files\\nodejs\\node.exe',
1 verbose cli   'C:\\Users\\Magyar Csaba\\AppData\\Roaming\\npm\\node_modules\\npm\\bin\\npm-cli.js',
1 verbose cli   'run',
1 verbose cli   'start-server'
1 verbose cli ]
2 info using npm@3.10.10
3 info using node@v12.9.0
4 verbose run-script [ 'prestart-server', 'start-server', 'poststart-server' ]
5 info lifecycle smartfridgenode@1.0.0~prestart-server: smartfridgenode@1.0.0
6 silly lifecycle smartfridgenode@1.0.0~prestart-server: no script for prestart-server, continuing
7 info lifecycle smartfridgenode@1.0.0~start-server: smartfridgenode@1.0.0
8 verbose lifecycle smartfridgenode@1.0.0~start-server: unsafe-perm in lifecycle true
9 verbose lifecycle smartfridgenode@1.0.0~start-server: PATH: C:\Users\Magyar Csaba\AppData\Roaming\npm\node_modules\npm\bin\node-gyp-bin;C:\Repository\smartfridgenode\node_modules\.bin;C:\Program Files\NVIDIA GPU Computing Toolkit\CUDA\v10.1\bin;C:\Program Files\NVIDIA GPU Computing Toolkit\CUDA\v10.1\libnvvp;C:\Windows\system32;C:\Windows;C:\Windows\System32\Wbem;C:\Windows\System32\WindowsPowerShell\v1.0\;C:\Windows\System32\OpenSSH\;C:\Program Files\Git\cmd;C:\Program Files (x86)\NVIDIA Corporation\PhysX\Common;C:\Program Files\NVIDIA Corporation\NVIDIA NGX;C:\ProgramData\chocolatey\bin;C:\Program Files\Polyspace\R2019a\runtime\win64;C:\Program Files\Polyspace\R2019a\bin;C:\Program Files\Polyspace\R2019a\polyspace\bin;C:\Program Files\dotnet\;C:\Users\Magyar Csaba\AppData\Roaming\npm;C:\Users\Magyar Csaba\AppData\Roaming\npm\node_modules\http-server;C:\Program Files\NVIDIA Corporation\Nsight Compute 2019.3.0\;C:\Program Files\NVIDIA Corporation\NVIDIA NvDLISR;C:\Users\Magyar Csaba\AppData\Local\Programs\Python\Python37\python.exe;C:\Program Files (x86)\GnuWin32\bin;C:\Program Files (x86)\Microsoft Visual Studio\2019\Community\Common7\Tools\vsdevcmd\ext;C:\Program Files (x86)\IncrediBuild;C:\Program Files\nodejs\;C:\Users\Magyar Csaba\.windows-build-tools\python27\;C:\Users\Magyar Csaba\AppData\Local\Programs\Python\Python37\Scripts;C:\ProgramData\Anaconda;C:\ProgramData\Anaconda\Library\mingw-w64\bin;C:\ProgramData\Anaconda\Library\usr\bin;C:\ProgramData\Anaconda\Library\bin;C:\ProgramData\Anaconda\Scripts;C:\Program Files\MySQL\MySQL Shell 8.0\bin\;C:\Users\Magyar Csaba\AppData\Local\Programs\Microsoft VS Code\bin;C:\Users\Magyar Csaba\AppData\Local\Programs\Python\Python37;C:\Users\Magyar Csaba\AppData\Local\Programs\Python\Python37\Scripts;C:\Program Files\NVIDIA GPU Computing Toolkit\CUDA\v10.1\bin;C:\Program Files\NVIDIA GPU Computing Toolkit\CUDA\v10.1\extras;C:\Program Files\NVIDIA GPU Computing Toolkit\CUDA\v10.1\include;C:\Program Files\NVIDIA GPU Computing Toolkit\CUDA\v10.1\lib\x64;C:\Program Files\NVIDIA GPU Computing Toolkit\CUDA\v10.1\libnvvp;C:\Program Files\CMake\bin;C:\Users\Magyar Csaba\AppData\Roaming\npm;C:\Users\Magyar Csaba\AppData\Local\Programs\Python\Python37;
10 verbose lifecycle smartfridgenode@1.0.0~start-server: CWD: C:\Repository\smartfridgenode
11 silly lifecycle smartfridgenode@1.0.0~start-server: Args: [ '/d /s /c', 'nodemon app.js' ]
12 silly lifecycle smartfridgenode@1.0.0~start-server: Returned: code: 3221225786  signal: null
13 info lifecycle smartfridgenode@1.0.0~start-server: Failed to exec start-server script
14 verbose stack Error: smartfridgenode@1.0.0 start-server: `nodemon app.js`
14 verbose stack Exit status 3221225786
14 verbose stack     at EventEmitter.<anonymous> (C:\Users\Magyar Csaba\AppData\Roaming\npm\node_modules\npm\lib\utils\lifecycle.js:255:16)
14 verbose stack     at EventEmitter.emit (events.js:209:13)
14 verbose stack     at ChildProcess.<anonymous> (C:\Users\Magyar Csaba\AppData\Roaming\npm\node_modules\npm\lib\utils\spawn.js:40:14)
14 verbose stack     at ChildProcess.emit (events.js:209:13)
14 verbose stack     at maybeClose (internal/child_process.js:1021:16)
14 verbose stack     at Process.ChildProcess._handle.onexit (internal/child_process.js:283:5)
15 verbose pkgid smartfridgenode@1.0.0
16 verbose cwd C:\Repository\smartfridgenode
17 error Windows_NT 10.0.17763
18 error argv "C:\\Program Files\\nodejs\\node.exe" "C:\\Users\\Magyar Csaba\\AppData\\Roaming\\npm\\node_modules\\npm\\bin\\npm-cli.js" "run" "start-server"
19 error node v12.9.0
20 error npm  v3.10.10
21 error code ELIFECYCLE
22 error smartfridgenode@1.0.0 start-server: `nodemon app.js`
22 error Exit status 3221225786
23 error Failed at the smartfridgenode@1.0.0 start-server script 'nodemon app.js'.
23 error Make sure you have the latest version of node.js and npm installed.
23 error If you do, this is most likely a problem with the smartfridgenode package,
23 error not with npm itself.
23 error Tell the author that this fails on your system:
23 error     nodemon app.js
23 error You can get information on how to open an issue for this project with:
23 error     npm bugs smartfridgenode
23 error Or if that isn't available, you can get their info via:
23 error     npm owner ls smartfridgenode
23 error There is likely additional logging output above.
24 verbose exit [ 1, true ]
